<?xml version="1.0" encoding="UTF-8"?>
<!-- Generated by org.testng.reporters.JUnitReportReporter -->
<testsuite hostname="DESKTOP-JU8G3M8" failures="0" tests="3" name="testng.com.TestNG" time="84.468" errors="0" timestamp="2022-02-23T18:51:18 IST" skipped="0">
  <testcase classname="testng.com.TestNG" name="Inventory" time="49.564"/>
  <system-out/>
  <testcase classname="testng.com.TestNG" name="ApplicationIcon" time="9.473"/>
  <system-out/>
  <testcase classname="testng.com.TestNG" name="Manufacturing" time="25.431"/>
  <system-out/>
</testsuite> <!-- testng.com.TestNG -->
